<?xml version="1.0" encoding="UTF-8"?>
<testsuite name="com.Tata.ShoppersDen.Helpers.CheckUser" tests="10" skipped="0" failures="0" errors="0" timestamp="2021-02-19T06:48:04" hostname="Hemanth-C-Macbook-Pro.local" time="0.332">
  <properties/>
  <testcase name="[1] Product(productId=Product-1234140, productName=Random Product, productDesc=Random Description, price=6359.079, quantity=1915, expDate=2021-02-19, imageUrl=null)" classname="com.Tata.ShoppersDen.Helpers.CheckUser" time="0.085"/>
  <testcase name="[2] Product(productId=Product-1234938, productName=Random Product, productDesc=Random Description, price=7409.1367, quantity=70, expDate=2021-02-19, imageUrl=null)" classname="com.Tata.ShoppersDen.Helpers.CheckUser" time="0.023"/>
  <testcase name="[3] Product(productId=Product-1234729, productName=Random Product, productDesc=Random Description, price=1387.8169, quantity=3437, expDate=2021-02-19, imageUrl=null)" classname="com.Tata.ShoppersDen.Helpers.CheckUser" time="0.025"/>
  <testcase name="[4] Product(productId=Product-1234798, productName=Random Product, productDesc=Random Description, price=3740.2585, quantity=6338, expDate=2021-02-19, imageUrl=null)" classname="com.Tata.ShoppersDen.Helpers.CheckUser" time="0.03"/>
  <testcase name="[5] Product(productId=Product-1234873, productName=Random Product, productDesc=Random Description, price=1815.965, quantity=2201, expDate=2021-02-19, imageUrl=null)" classname="com.Tata.ShoppersDen.Helpers.CheckUser" time="0.028"/>
  <testcase name="[6] Product(productId=Product-1234905, productName=Random Product, productDesc=Random Description, price=4176.8125, quantity=3746, expDate=2021-02-19, imageUrl=null)" classname="com.Tata.ShoppersDen.Helpers.CheckUser" time="0.024"/>
  <testcase name="[7] Product(productId=Product-1234900, productName=Random Product, productDesc=Random Description, price=1173.951, quantity=8766, expDate=2021-02-19, imageUrl=null)" classname="com.Tata.ShoppersDen.Helpers.CheckUser" time="0.021"/>
  <testcase name="[8] Product(productId=Product-1234423, productName=Random Product, productDesc=Random Description, price=9504.152, quantity=4477, expDate=2021-02-19, imageUrl=null)" classname="com.Tata.ShoppersDen.Helpers.CheckUser" time="0.023"/>
  <testcase name="[9] Product(productId=Product-1234453, productName=Random Product, productDesc=Random Description, price=7104.986, quantity=6020, expDate=2021-02-19, imageUrl=null)" classname="com.Tata.ShoppersDen.Helpers.CheckUser" time="0.027"/>
  <testcase name="[10] Product(productId=Product-1234103, productName=Random Product, productDesc=Random Description, price=8616.819, quantity=7690, expDate=2021-02-19, imageUrl=null)" classname="com.Tata.ShoppersDen.Helpers.CheckUser" time="0.031"/>
  <system-out><![CDATA[SELECT * FROM ADMINS WHERE admin_id = 'Hemanth@910'
SELECT * FROM categories WHERE category_id = 'Cate-1234568'
INSERT INTO categories VALUES ( 'Cate-1234568','Random Category' )
SELECT * FROM products WHERE product_id = 'Product-1234140'
SELECT * FROM USERS WHERE email = 'unknown123@gmail.com' OR user_id = 'unknownUser@123'
INSERT INTO TRANSACTIONS VALUES(DEFAULT,'2021-02-19 +05:30:00','Product-1234140',6359.0,1,'unknownUser@123')
DELETE FROM products WHERE product_id = 'Product-1234140'
[]
SELECT * FROM ADMINS WHERE admin_id = 'Hemanth@910'
SELECT * FROM categories WHERE category_id = 'Cate-1234146'
INSERT INTO categories VALUES ( 'Cate-1234146','Random Category' )
SELECT * FROM products WHERE product_id = 'Product-1234938'
SELECT * FROM USERS WHERE email = 'unknown123@gmail.com' OR user_id = 'unknownUser@123'
INSERT INTO TRANSACTIONS VALUES(DEFAULT,'2021-02-19 +05:30:00','Product-1234938',7409.0,1,'unknownUser@123')
DELETE FROM products WHERE product_id = 'Product-1234938'
[]
SELECT * FROM ADMINS WHERE admin_id = 'Hemanth@910'
SELECT * FROM categories WHERE category_id = 'Cate-1234791'
INSERT INTO categories VALUES ( 'Cate-1234791','Random Category' )
SELECT * FROM products WHERE product_id = 'Product-1234729'
SELECT * FROM USERS WHERE email = 'unknown123@gmail.com' OR user_id = 'unknownUser@123'
INSERT INTO TRANSACTIONS VALUES(DEFAULT,'2021-02-19 +05:30:00','Product-1234729',1387.0,1,'unknownUser@123')
DELETE FROM products WHERE product_id = 'Product-1234729'
[]
SELECT * FROM ADMINS WHERE admin_id = 'Hemanth@910'
SELECT * FROM categories WHERE category_id = 'Cate-123452'
INSERT INTO categories VALUES ( 'Cate-123452','Random Category' )
SELECT * FROM products WHERE product_id = 'Product-1234798'
SELECT * FROM USERS WHERE email = 'unknown123@gmail.com' OR user_id = 'unknownUser@123'
INSERT INTO TRANSACTIONS VALUES(DEFAULT,'2021-02-19 +05:30:00','Product-1234798',3740.0,1,'unknownUser@123')
DELETE FROM products WHERE product_id = 'Product-1234798'
[]
SELECT * FROM ADMINS WHERE admin_id = 'Hemanth@910'
SELECT * FROM categories WHERE category_id = 'Cate-1234320'
INSERT INTO categories VALUES ( 'Cate-1234320','Random Category' )
SELECT * FROM products WHERE product_id = 'Product-1234873'
SELECT * FROM USERS WHERE email = 'unknown123@gmail.com' OR user_id = 'unknownUser@123'
INSERT INTO TRANSACTIONS VALUES(DEFAULT,'2021-02-19 +05:30:00','Product-1234873',1815.0,1,'unknownUser@123')
DELETE FROM products WHERE product_id = 'Product-1234873'
[]
SELECT * FROM ADMINS WHERE admin_id = 'Hemanth@910'
SELECT * FROM categories WHERE category_id = 'Cate-1234675'
INSERT INTO categories VALUES ( 'Cate-1234675','Random Category' )
SELECT * FROM products WHERE product_id = 'Product-1234905'
SELECT * FROM USERS WHERE email = 'unknown123@gmail.com' OR user_id = 'unknownUser@123'
INSERT INTO TRANSACTIONS VALUES(DEFAULT,'2021-02-19 +05:30:00','Product-1234905',4176.0,1,'unknownUser@123')
DELETE FROM products WHERE product_id = 'Product-1234905'
[]
SELECT * FROM ADMINS WHERE admin_id = 'Hemanth@910'
SELECT * FROM categories WHERE category_id = 'Cate-1234962'
INSERT INTO categories VALUES ( 'Cate-1234962','Random Category' )
SELECT * FROM products WHERE product_id = 'Product-1234900'
SELECT * FROM USERS WHERE email = 'unknown123@gmail.com' OR user_id = 'unknownUser@123'
INSERT INTO TRANSACTIONS VALUES(DEFAULT,'2021-02-19 +05:30:00','Product-1234900',1173.0,1,'unknownUser@123')
DELETE FROM products WHERE product_id = 'Product-1234900'
[]
SELECT * FROM ADMINS WHERE admin_id = 'Hemanth@910'
SELECT * FROM categories WHERE category_id = 'Cate-1234915'
INSERT INTO categories VALUES ( 'Cate-1234915','Random Category' )
SELECT * FROM products WHERE product_id = 'Product-1234423'
SELECT * FROM USERS WHERE email = 'unknown123@gmail.com' OR user_id = 'unknownUser@123'
INSERT INTO TRANSACTIONS VALUES(DEFAULT,'2021-02-19 +05:30:00','Product-1234423',9504.0,1,'unknownUser@123')
DELETE FROM products WHERE product_id = 'Product-1234423'
[]
SELECT * FROM ADMINS WHERE admin_id = 'Hemanth@910'
SELECT * FROM categories WHERE category_id = 'Cate-123418'
INSERT INTO categories VALUES ( 'Cate-123418','Random Category' )
SELECT * FROM products WHERE product_id = 'Product-1234453'
SELECT * FROM USERS WHERE email = 'unknown123@gmail.com' OR user_id = 'unknownUser@123'
INSERT INTO TRANSACTIONS VALUES(DEFAULT,'2021-02-19 +05:30:00','Product-1234453',7104.0,1,'unknownUser@123')
DELETE FROM products WHERE product_id = 'Product-1234453'
[]
SELECT * FROM ADMINS WHERE admin_id = 'Hemanth@910'
SELECT * FROM categories WHERE category_id = 'Cate-1234590'
INSERT INTO categories VALUES ( 'Cate-1234590','Random Category' )
SELECT * FROM products WHERE product_id = 'Product-1234103'
SELECT * FROM USERS WHERE email = 'unknown123@gmail.com' OR user_id = 'unknownUser@123'
INSERT INTO TRANSACTIONS VALUES(DEFAULT,'2021-02-19 +05:30:00','Product-1234103',8616.0,1,'unknownUser@123')
DELETE FROM products WHERE product_id = 'Product-1234103'
[]
]]></system-out>
  <system-err><![CDATA[]]></system-err>
</testsuite>
