<?xml version="1.0" encoding="UTF-8"?>
<testsuite name="com.tata.assignment.models.CDTest" tests="3" skipped="0" failures="0" errors="0" timestamp="2021-02-08T12:40:45" hostname="R-Shivas-MacBook-Pro.local" time="0.015">
  <properties/>
  <testcase name="Title Must Be Unique" classname="com.tata.assignment.models.CDTest" time="0.001"/>
  <testcase name="Names should not be null" classname="com.tata.assignment.models.CDTest" time="0.01"/>
  <testcase name="Singer name cannot be alphanumeric" classname="com.tata.assignment.models.CDTest" time="0.002"/>
  <system-out><![CDATA[]]></system-out>
  <system-err><![CDATA[]]></system-err>
</testsuite>
